<?xml version="1.0" encoding="utf-8"?><testsuites><testsuite name="pytest" errors="0" failures="0" skipped="0" tests="3" time="0.132" timestamp="2022-09-26T15:25:40.934393" hostname="DESKTOP-KAK7CV8"><testcase classname="tests.test_example" name="test_quando_validate_multiplos_recebe_2_retorna_2" time="0.003" /><testcase classname="tests.test_example" name="test_quando_validate_multiplos_recebe_3_retorna_multiplo_3" time="0.005" /><testcase classname="tests.test_example" name="test_quando_validate_multiplos_recebe_5_retorna_multiplo_5" time="0.002" /></testsuite></testsuites>